Copyright 1986-2020 Xilinx, Inc. All Rights Reserved.
-----------------------------------------------------------------------------------------------------------------------------------------------------------------------------
| Tool Version : Vivado v.2020.2 (win64) Build 3064766 Wed Nov 18 09:12:45 MST 2020
| Date         : Mon Oct 11 23:33:12 2021
| Host         : DESKTOP-7VGU0UB running 64-bit major release  (build 9200)
| Command      : report_methodology -file Eight_Bit_DCT_methodology_drc_routed.rpt -pb Eight_Bit_DCT_methodology_drc_routed.pb -rpx Eight_Bit_DCT_methodology_drc_routed.rpx
| Design       : Eight_Bit_DCT
| Device       : xcu250-figd2104-2L-e
| Speed File   : -2L
| Design State : Fully Routed
-----------------------------------------------------------------------------------------------------------------------------------------------------------------------------

Report Methodology

Table of Contents
-----------------
1. REPORT SUMMARY
2. REPORT DETAILS

1. REPORT SUMMARY
-----------------
            Netlist: netlist
          Floorplan: checkpoint_Eight_Bit_DCT
      Design limits: <entire design considered>
             Max violations: <unlimited>
             Violations found: 521
+-----------+----------+-------------------------------+------------+
| Rule      | Severity | Description                   | Violations |
+-----------+----------+-------------------------------+------------+
| TIMING-18 | Warning  | Missing input or output delay | 521        |
+-----------+----------+-------------------------------+------------+

2. REPORT DETAILS
-----------------
TIMING-18#1 Warning
Missing input or output delay  
An input delay is missing on en relative to clock(s) clk
Related violations: <none>

TIMING-18#2 Warning
Missing input or output delay  
An input delay is missing on x_in[0][0] relative to clock(s) clk
Related violations: <none>

TIMING-18#3 Warning
Missing input or output delay  
An input delay is missing on x_in[0][10] relative to clock(s) clk
Related violations: <none>

TIMING-18#4 Warning
Missing input or output delay  
An input delay is missing on x_in[0][11] relative to clock(s) clk
Related violations: <none>

TIMING-18#5 Warning
Missing input or output delay  
An input delay is missing on x_in[0][12] relative to clock(s) clk
Related violations: <none>

TIMING-18#6 Warning
Missing input or output delay  
An input delay is missing on x_in[0][13] relative to clock(s) clk
Related violations: <none>

TIMING-18#7 Warning
Missing input or output delay  
An input delay is missing on x_in[0][14] relative to clock(s) clk
Related violations: <none>

TIMING-18#8 Warning
Missing input or output delay  
An input delay is missing on x_in[0][15] relative to clock(s) clk
Related violations: <none>

TIMING-18#9 Warning
Missing input or output delay  
An input delay is missing on x_in[0][16] relative to clock(s) clk
Related violations: <none>

TIMING-18#10 Warning
Missing input or output delay  
An input delay is missing on x_in[0][17] relative to clock(s) clk
Related violations: <none>

TIMING-18#11 Warning
Missing input or output delay  
An input delay is missing on x_in[0][18] relative to clock(s) clk
Related violations: <none>

TIMING-18#12 Warning
Missing input or output delay  
An input delay is missing on x_in[0][19] relative to clock(s) clk
Related violations: <none>

TIMING-18#13 Warning
Missing input or output delay  
An input delay is missing on x_in[0][1] relative to clock(s) clk
Related violations: <none>

TIMING-18#14 Warning
Missing input or output delay  
An input delay is missing on x_in[0][20] relative to clock(s) clk
Related violations: <none>

TIMING-18#15 Warning
Missing input or output delay  
An input delay is missing on x_in[0][21] relative to clock(s) clk
Related violations: <none>

TIMING-18#16 Warning
Missing input or output delay  
An input delay is missing on x_in[0][22] relative to clock(s) clk
Related violations: <none>

TIMING-18#17 Warning
Missing input or output delay  
An input delay is missing on x_in[0][23] relative to clock(s) clk
Related violations: <none>

TIMING-18#18 Warning
Missing input or output delay  
An input delay is missing on x_in[0][24] relative to clock(s) clk
Related violations: <none>

TIMING-18#19 Warning
Missing input or output delay  
An input delay is missing on x_in[0][25] relative to clock(s) clk
Related violations: <none>

TIMING-18#20 Warning
Missing input or output delay  
An input delay is missing on x_in[0][26] relative to clock(s) clk
Related violations: <none>

TIMING-18#21 Warning
Missing input or output delay  
An input delay is missing on x_in[0][27] relative to clock(s) clk
Related violations: <none>

TIMING-18#22 Warning
Missing input or output delay  
An input delay is missing on x_in[0][28] relative to clock(s) clk
Related violations: <none>

TIMING-18#23 Warning
Missing input or output delay  
An input delay is missing on x_in[0][29] relative to clock(s) clk
Related violations: <none>

TIMING-18#24 Warning
Missing input or output delay  
An input delay is missing on x_in[0][2] relative to clock(s) clk
Related violations: <none>

TIMING-18#25 Warning
Missing input or output delay  
An input delay is missing on x_in[0][30] relative to clock(s) clk
Related violations: <none>

TIMING-18#26 Warning
Missing input or output delay  
An input delay is missing on x_in[0][31] relative to clock(s) clk
Related violations: <none>

TIMING-18#27 Warning
Missing input or output delay  
An input delay is missing on x_in[0][3] relative to clock(s) clk
Related violations: <none>

TIMING-18#28 Warning
Missing input or output delay  
An input delay is missing on x_in[0][4] relative to clock(s) clk
Related violations: <none>

TIMING-18#29 Warning
Missing input or output delay  
An input delay is missing on x_in[0][5] relative to clock(s) clk
Related violations: <none>

TIMING-18#30 Warning
Missing input or output delay  
An input delay is missing on x_in[0][6] relative to clock(s) clk
Related violations: <none>

TIMING-18#31 Warning
Missing input or output delay  
An input delay is missing on x_in[0][7] relative to clock(s) clk
Related violations: <none>

TIMING-18#32 Warning
Missing input or output delay  
An input delay is missing on x_in[0][8] relative to clock(s) clk
Related violations: <none>

TIMING-18#33 Warning
Missing input or output delay  
An input delay is missing on x_in[0][9] relative to clock(s) clk
Related violations: <none>

TIMING-18#34 Warning
Missing input or output delay  
An input delay is missing on x_in[1][0] relative to clock(s) clk
Related violations: <none>

TIMING-18#35 Warning
Missing input or output delay  
An input delay is missing on x_in[1][10] relative to clock(s) clk
Related violations: <none>

TIMING-18#36 Warning
Missing input or output delay  
An input delay is missing on x_in[1][11] relative to clock(s) clk
Related violations: <none>

TIMING-18#37 Warning
Missing input or output delay  
An input delay is missing on x_in[1][12] relative to clock(s) clk
Related violations: <none>

TIMING-18#38 Warning
Missing input or output delay  
An input delay is missing on x_in[1][13] relative to clock(s) clk
Related violations: <none>

TIMING-18#39 Warning
Missing input or output delay  
An input delay is missing on x_in[1][14] relative to clock(s) clk
Related violations: <none>

TIMING-18#40 Warning
Missing input or output delay  
An input delay is missing on x_in[1][15] relative to clock(s) clk
Related violations: <none>

TIMING-18#41 Warning
Missing input or output delay  
An input delay is missing on x_in[1][16] relative to clock(s) clk
Related violations: <none>

TIMING-18#42 Warning
Missing input or output delay  
An input delay is missing on x_in[1][17] relative to clock(s) clk
Related violations: <none>

TIMING-18#43 Warning
Missing input or output delay  
An input delay is missing on x_in[1][18] relative to clock(s) clk
Related violations: <none>

TIMING-18#44 Warning
Missing input or output delay  
An input delay is missing on x_in[1][19] relative to clock(s) clk
Related violations: <none>

TIMING-18#45 Warning
Missing input or output delay  
An input delay is missing on x_in[1][1] relative to clock(s) clk
Related violations: <none>

TIMING-18#46 Warning
Missing input or output delay  
An input delay is missing on x_in[1][20] relative to clock(s) clk
Related violations: <none>

TIMING-18#47 Warning
Missing input or output delay  
An input delay is missing on x_in[1][21] relative to clock(s) clk
Related violations: <none>

TIMING-18#48 Warning
Missing input or output delay  
An input delay is missing on x_in[1][22] relative to clock(s) clk
Related violations: <none>

TIMING-18#49 Warning
Missing input or output delay  
An input delay is missing on x_in[1][23] relative to clock(s) clk
Related violations: <none>

TIMING-18#50 Warning
Missing input or output delay  
An input delay is missing on x_in[1][24] relative to clock(s) clk
Related violations: <none>

TIMING-18#51 Warning
Missing input or output delay  
An input delay is missing on x_in[1][25] relative to clock(s) clk
Related violations: <none>

TIMING-18#52 Warning
Missing input or output delay  
An input delay is missing on x_in[1][26] relative to clock(s) clk
Related violations: <none>

TIMING-18#53 Warning
Missing input or output delay  
An input delay is missing on x_in[1][27] relative to clock(s) clk
Related violations: <none>

TIMING-18#54 Warning
Missing input or output delay  
An input delay is missing on x_in[1][28] relative to clock(s) clk
Related violations: <none>

TIMING-18#55 Warning
Missing input or output delay  
An input delay is missing on x_in[1][29] relative to clock(s) clk
Related violations: <none>

TIMING-18#56 Warning
Missing input or output delay  
An input delay is missing on x_in[1][2] relative to clock(s) clk
Related violations: <none>

TIMING-18#57 Warning
Missing input or output delay  
An input delay is missing on x_in[1][30] relative to clock(s) clk
Related violations: <none>

TIMING-18#58 Warning
Missing input or output delay  
An input delay is missing on x_in[1][31] relative to clock(s) clk
Related violations: <none>

TIMING-18#59 Warning
Missing input or output delay  
An input delay is missing on x_in[1][3] relative to clock(s) clk
Related violations: <none>

TIMING-18#60 Warning
Missing input or output delay  
An input delay is missing on x_in[1][4] relative to clock(s) clk
Related violations: <none>

TIMING-18#61 Warning
Missing input or output delay  
An input delay is missing on x_in[1][5] relative to clock(s) clk
Related violations: <none>

TIMING-18#62 Warning
Missing input or output delay  
An input delay is missing on x_in[1][6] relative to clock(s) clk
Related violations: <none>

TIMING-18#63 Warning
Missing input or output delay  
An input delay is missing on x_in[1][7] relative to clock(s) clk
Related violations: <none>

TIMING-18#64 Warning
Missing input or output delay  
An input delay is missing on x_in[1][8] relative to clock(s) clk
Related violations: <none>

TIMING-18#65 Warning
Missing input or output delay  
An input delay is missing on x_in[1][9] relative to clock(s) clk
Related violations: <none>

TIMING-18#66 Warning
Missing input or output delay  
An input delay is missing on x_in[2][0] relative to clock(s) clk
Related violations: <none>

TIMING-18#67 Warning
Missing input or output delay  
An input delay is missing on x_in[2][10] relative to clock(s) clk
Related violations: <none>

TIMING-18#68 Warning
Missing input or output delay  
An input delay is missing on x_in[2][11] relative to clock(s) clk
Related violations: <none>

TIMING-18#69 Warning
Missing input or output delay  
An input delay is missing on x_in[2][12] relative to clock(s) clk
Related violations: <none>

TIMING-18#70 Warning
Missing input or output delay  
An input delay is missing on x_in[2][13] relative to clock(s) clk
Related violations: <none>

TIMING-18#71 Warning
Missing input or output delay  
An input delay is missing on x_in[2][14] relative to clock(s) clk
Related violations: <none>

TIMING-18#72 Warning
Missing input or output delay  
An input delay is missing on x_in[2][15] relative to clock(s) clk
Related violations: <none>

TIMING-18#73 Warning
Missing input or output delay  
An input delay is missing on x_in[2][16] relative to clock(s) clk
Related violations: <none>

TIMING-18#74 Warning
Missing input or output delay  
An input delay is missing on x_in[2][17] relative to clock(s) clk
Related violations: <none>

TIMING-18#75 Warning
Missing input or output delay  
An input delay is missing on x_in[2][18] relative to clock(s) clk
Related violations: <none>

TIMING-18#76 Warning
Missing input or output delay  
An input delay is missing on x_in[2][19] relative to clock(s) clk
Related violations: <none>

TIMING-18#77 Warning
Missing input or output delay  
An input delay is missing on x_in[2][1] relative to clock(s) clk
Related violations: <none>

TIMING-18#78 Warning
Missing input or output delay  
An input delay is missing on x_in[2][20] relative to clock(s) clk
Related violations: <none>

TIMING-18#79 Warning
Missing input or output delay  
An input delay is missing on x_in[2][21] relative to clock(s) clk
Related violations: <none>

TIMING-18#80 Warning
Missing input or output delay  
An input delay is missing on x_in[2][22] relative to clock(s) clk
Related violations: <none>

TIMING-18#81 Warning
Missing input or output delay  
An input delay is missing on x_in[2][23] relative to clock(s) clk
Related violations: <none>

TIMING-18#82 Warning
Missing input or output delay  
An input delay is missing on x_in[2][24] relative to clock(s) clk
Related violations: <none>

TIMING-18#83 Warning
Missing input or output delay  
An input delay is missing on x_in[2][25] relative to clock(s) clk
Related violations: <none>

TIMING-18#84 Warning
Missing input or output delay  
An input delay is missing on x_in[2][26] relative to clock(s) clk
Related violations: <none>

TIMING-18#85 Warning
Missing input or output delay  
An input delay is missing on x_in[2][27] relative to clock(s) clk
Related violations: <none>

TIMING-18#86 Warning
Missing input or output delay  
An input delay is missing on x_in[2][28] relative to clock(s) clk
Related violations: <none>

TIMING-18#87 Warning
Missing input or output delay  
An input delay is missing on x_in[2][29] relative to clock(s) clk
Related violations: <none>

TIMING-18#88 Warning
Missing input or output delay  
An input delay is missing on x_in[2][2] relative to clock(s) clk
Related violations: <none>

TIMING-18#89 Warning
Missing input or output delay  
An input delay is missing on x_in[2][30] relative to clock(s) clk
Related violations: <none>

TIMING-18#90 Warning
Missing input or output delay  
An input delay is missing on x_in[2][31] relative to clock(s) clk
Related violations: <none>

TIMING-18#91 Warning
Missing input or output delay  
An input delay is missing on x_in[2][3] relative to clock(s) clk
Related violations: <none>

TIMING-18#92 Warning
Missing input or output delay  
An input delay is missing on x_in[2][4] relative to clock(s) clk
Related violations: <none>

TIMING-18#93 Warning
Missing input or output delay  
An input delay is missing on x_in[2][5] relative to clock(s) clk
Related violations: <none>

TIMING-18#94 Warning
Missing input or output delay  
An input delay is missing on x_in[2][6] relative to clock(s) clk
Related violations: <none>

TIMING-18#95 Warning
Missing input or output delay  
An input delay is missing on x_in[2][7] relative to clock(s) clk
Related violations: <none>

TIMING-18#96 Warning
Missing input or output delay  
An input delay is missing on x_in[2][8] relative to clock(s) clk
Related violations: <none>

TIMING-18#97 Warning
Missing input or output delay  
An input delay is missing on x_in[2][9] relative to clock(s) clk
Related violations: <none>

TIMING-18#98 Warning
Missing input or output delay  
An input delay is missing on x_in[3][0] relative to clock(s) clk
Related violations: <none>

TIMING-18#99 Warning
Missing input or output delay  
An input delay is missing on x_in[3][10] relative to clock(s) clk
Related violations: <none>

TIMING-18#100 Warning
Missing input or output delay  
An input delay is missing on x_in[3][11] relative to clock(s) clk
Related violations: <none>

TIMING-18#101 Warning
Missing input or output delay  
An input delay is missing on x_in[3][12] relative to clock(s) clk
Related violations: <none>

TIMING-18#102 Warning
Missing input or output delay  
An input delay is missing on x_in[3][13] relative to clock(s) clk
Related violations: <none>

TIMING-18#103 Warning
Missing input or output delay  
An input delay is missing on x_in[3][14] relative to clock(s) clk
Related violations: <none>

TIMING-18#104 Warning
Missing input or output delay  
An input delay is missing on x_in[3][15] relative to clock(s) clk
Related violations: <none>

TIMING-18#105 Warning
Missing input or output delay  
An input delay is missing on x_in[3][16] relative to clock(s) clk
Related violations: <none>

TIMING-18#106 Warning
Missing input or output delay  
An input delay is missing on x_in[3][17] relative to clock(s) clk
Related violations: <none>

TIMING-18#107 Warning
Missing input or output delay  
An input delay is missing on x_in[3][18] relative to clock(s) clk
Related violations: <none>

TIMING-18#108 Warning
Missing input or output delay  
An input delay is missing on x_in[3][19] relative to clock(s) clk
Related violations: <none>

TIMING-18#109 Warning
Missing input or output delay  
An input delay is missing on x_in[3][1] relative to clock(s) clk
Related violations: <none>

TIMING-18#110 Warning
Missing input or output delay  
An input delay is missing on x_in[3][20] relative to clock(s) clk
Related violations: <none>

TIMING-18#111 Warning
Missing input or output delay  
An input delay is missing on x_in[3][21] relative to clock(s) clk
Related violations: <none>

TIMING-18#112 Warning
Missing input or output delay  
An input delay is missing on x_in[3][22] relative to clock(s) clk
Related violations: <none>

TIMING-18#113 Warning
Missing input or output delay  
An input delay is missing on x_in[3][23] relative to clock(s) clk
Related violations: <none>

TIMING-18#114 Warning
Missing input or output delay  
An input delay is missing on x_in[3][24] relative to clock(s) clk
Related violations: <none>

TIMING-18#115 Warning
Missing input or output delay  
An input delay is missing on x_in[3][25] relative to clock(s) clk
Related violations: <none>

TIMING-18#116 Warning
Missing input or output delay  
An input delay is missing on x_in[3][26] relative to clock(s) clk
Related violations: <none>

TIMING-18#117 Warning
Missing input or output delay  
An input delay is missing on x_in[3][27] relative to clock(s) clk
Related violations: <none>

TIMING-18#118 Warning
Missing input or output delay  
An input delay is missing on x_in[3][28] relative to clock(s) clk
Related violations: <none>

TIMING-18#119 Warning
Missing input or output delay  
An input delay is missing on x_in[3][29] relative to clock(s) clk
Related violations: <none>

TIMING-18#120 Warning
Missing input or output delay  
An input delay is missing on x_in[3][2] relative to clock(s) clk
Related violations: <none>

TIMING-18#121 Warning
Missing input or output delay  
An input delay is missing on x_in[3][30] relative to clock(s) clk
Related violations: <none>

TIMING-18#122 Warning
Missing input or output delay  
An input delay is missing on x_in[3][31] relative to clock(s) clk
Related violations: <none>

TIMING-18#123 Warning
Missing input or output delay  
An input delay is missing on x_in[3][3] relative to clock(s) clk
Related violations: <none>

TIMING-18#124 Warning
Missing input or output delay  
An input delay is missing on x_in[3][4] relative to clock(s) clk
Related violations: <none>

TIMING-18#125 Warning
Missing input or output delay  
An input delay is missing on x_in[3][5] relative to clock(s) clk
Related violations: <none>

TIMING-18#126 Warning
Missing input or output delay  
An input delay is missing on x_in[3][6] relative to clock(s) clk
Related violations: <none>

TIMING-18#127 Warning
Missing input or output delay  
An input delay is missing on x_in[3][7] relative to clock(s) clk
Related violations: <none>

TIMING-18#128 Warning
Missing input or output delay  
An input delay is missing on x_in[3][8] relative to clock(s) clk
Related violations: <none>

TIMING-18#129 Warning
Missing input or output delay  
An input delay is missing on x_in[3][9] relative to clock(s) clk
Related violations: <none>

TIMING-18#130 Warning
Missing input or output delay  
An input delay is missing on x_in[4][0] relative to clock(s) clk
Related violations: <none>

TIMING-18#131 Warning
Missing input or output delay  
An input delay is missing on x_in[4][10] relative to clock(s) clk
Related violations: <none>

TIMING-18#132 Warning
Missing input or output delay  
An input delay is missing on x_in[4][11] relative to clock(s) clk
Related violations: <none>

TIMING-18#133 Warning
Missing input or output delay  
An input delay is missing on x_in[4][12] relative to clock(s) clk
Related violations: <none>

TIMING-18#134 Warning
Missing input or output delay  
An input delay is missing on x_in[4][13] relative to clock(s) clk
Related violations: <none>

TIMING-18#135 Warning
Missing input or output delay  
An input delay is missing on x_in[4][14] relative to clock(s) clk
Related violations: <none>

TIMING-18#136 Warning
Missing input or output delay  
An input delay is missing on x_in[4][15] relative to clock(s) clk
Related violations: <none>

TIMING-18#137 Warning
Missing input or output delay  
An input delay is missing on x_in[4][16] relative to clock(s) clk
Related violations: <none>

TIMING-18#138 Warning
Missing input or output delay  
An input delay is missing on x_in[4][17] relative to clock(s) clk
Related violations: <none>

TIMING-18#139 Warning
Missing input or output delay  
An input delay is missing on x_in[4][18] relative to clock(s) clk
Related violations: <none>

TIMING-18#140 Warning
Missing input or output delay  
An input delay is missing on x_in[4][19] relative to clock(s) clk
Related violations: <none>

TIMING-18#141 Warning
Missing input or output delay  
An input delay is missing on x_in[4][1] relative to clock(s) clk
Related violations: <none>

TIMING-18#142 Warning
Missing input or output delay  
An input delay is missing on x_in[4][20] relative to clock(s) clk
Related violations: <none>

TIMING-18#143 Warning
Missing input or output delay  
An input delay is missing on x_in[4][21] relative to clock(s) clk
Related violations: <none>

TIMING-18#144 Warning
Missing input or output delay  
An input delay is missing on x_in[4][22] relative to clock(s) clk
Related violations: <none>

TIMING-18#145 Warning
Missing input or output delay  
An input delay is missing on x_in[4][23] relative to clock(s) clk
Related violations: <none>

TIMING-18#146 Warning
Missing input or output delay  
An input delay is missing on x_in[4][24] relative to clock(s) clk
Related violations: <none>

TIMING-18#147 Warning
Missing input or output delay  
An input delay is missing on x_in[4][25] relative to clock(s) clk
Related violations: <none>

TIMING-18#148 Warning
Missing input or output delay  
An input delay is missing on x_in[4][26] relative to clock(s) clk
Related violations: <none>

TIMING-18#149 Warning
Missing input or output delay  
An input delay is missing on x_in[4][27] relative to clock(s) clk
Related violations: <none>

TIMING-18#150 Warning
Missing input or output delay  
An input delay is missing on x_in[4][28] relative to clock(s) clk
Related violations: <none>

TIMING-18#151 Warning
Missing input or output delay  
An input delay is missing on x_in[4][29] relative to clock(s) clk
Related violations: <none>

TIMING-18#152 Warning
Missing input or output delay  
An input delay is missing on x_in[4][2] relative to clock(s) clk
Related violations: <none>

TIMING-18#153 Warning
Missing input or output delay  
An input delay is missing on x_in[4][30] relative to clock(s) clk
Related violations: <none>

TIMING-18#154 Warning
Missing input or output delay  
An input delay is missing on x_in[4][31] relative to clock(s) clk
Related violations: <none>

TIMING-18#155 Warning
Missing input or output delay  
An input delay is missing on x_in[4][3] relative to clock(s) clk
Related violations: <none>

TIMING-18#156 Warning
Missing input or output delay  
An input delay is missing on x_in[4][4] relative to clock(s) clk
Related violations: <none>

TIMING-18#157 Warning
Missing input or output delay  
An input delay is missing on x_in[4][5] relative to clock(s) clk
Related violations: <none>

TIMING-18#158 Warning
Missing input or output delay  
An input delay is missing on x_in[4][6] relative to clock(s) clk
Related violations: <none>

TIMING-18#159 Warning
Missing input or output delay  
An input delay is missing on x_in[4][7] relative to clock(s) clk
Related violations: <none>

TIMING-18#160 Warning
Missing input or output delay  
An input delay is missing on x_in[4][8] relative to clock(s) clk
Related violations: <none>

TIMING-18#161 Warning
Missing input or output delay  
An input delay is missing on x_in[4][9] relative to clock(s) clk
Related violations: <none>

TIMING-18#162 Warning
Missing input or output delay  
An input delay is missing on x_in[5][0] relative to clock(s) clk
Related violations: <none>

TIMING-18#163 Warning
Missing input or output delay  
An input delay is missing on x_in[5][10] relative to clock(s) clk
Related violations: <none>

TIMING-18#164 Warning
Missing input or output delay  
An input delay is missing on x_in[5][11] relative to clock(s) clk
Related violations: <none>

TIMING-18#165 Warning
Missing input or output delay  
An input delay is missing on x_in[5][12] relative to clock(s) clk
Related violations: <none>

TIMING-18#166 Warning
Missing input or output delay  
An input delay is missing on x_in[5][13] relative to clock(s) clk
Related violations: <none>

TIMING-18#167 Warning
Missing input or output delay  
An input delay is missing on x_in[5][14] relative to clock(s) clk
Related violations: <none>

TIMING-18#168 Warning
Missing input or output delay  
An input delay is missing on x_in[5][15] relative to clock(s) clk
Related violations: <none>

TIMING-18#169 Warning
Missing input or output delay  
An input delay is missing on x_in[5][16] relative to clock(s) clk
Related violations: <none>

TIMING-18#170 Warning
Missing input or output delay  
An input delay is missing on x_in[5][17] relative to clock(s) clk
Related violations: <none>

TIMING-18#171 Warning
Missing input or output delay  
An input delay is missing on x_in[5][18] relative to clock(s) clk
Related violations: <none>

TIMING-18#172 Warning
Missing input or output delay  
An input delay is missing on x_in[5][19] relative to clock(s) clk
Related violations: <none>

TIMING-18#173 Warning
Missing input or output delay  
An input delay is missing on x_in[5][1] relative to clock(s) clk
Related violations: <none>

TIMING-18#174 Warning
Missing input or output delay  
An input delay is missing on x_in[5][20] relative to clock(s) clk
Related violations: <none>

TIMING-18#175 Warning
Missing input or output delay  
An input delay is missing on x_in[5][21] relative to clock(s) clk
Related violations: <none>

TIMING-18#176 Warning
Missing input or output delay  
An input delay is missing on x_in[5][22] relative to clock(s) clk
Related violations: <none>

TIMING-18#177 Warning
Missing input or output delay  
An input delay is missing on x_in[5][23] relative to clock(s) clk
Related violations: <none>

TIMING-18#178 Warning
Missing input or output delay  
An input delay is missing on x_in[5][24] relative to clock(s) clk
Related violations: <none>

TIMING-18#179 Warning
Missing input or output delay  
An input delay is missing on x_in[5][25] relative to clock(s) clk
Related violations: <none>

TIMING-18#180 Warning
Missing input or output delay  
An input delay is missing on x_in[5][26] relative to clock(s) clk
Related violations: <none>

TIMING-18#181 Warning
Missing input or output delay  
An input delay is missing on x_in[5][27] relative to clock(s) clk
Related violations: <none>

TIMING-18#182 Warning
Missing input or output delay  
An input delay is missing on x_in[5][28] relative to clock(s) clk
Related violations: <none>

TIMING-18#183 Warning
Missing input or output delay  
An input delay is missing on x_in[5][29] relative to clock(s) clk
Related violations: <none>

TIMING-18#184 Warning
Missing input or output delay  
An input delay is missing on x_in[5][2] relative to clock(s) clk
Related violations: <none>

TIMING-18#185 Warning
Missing input or output delay  
An input delay is missing on x_in[5][30] relative to clock(s) clk
Related violations: <none>

TIMING-18#186 Warning
Missing input or output delay  
An input delay is missing on x_in[5][31] relative to clock(s) clk
Related violations: <none>

TIMING-18#187 Warning
Missing input or output delay  
An input delay is missing on x_in[5][3] relative to clock(s) clk
Related violations: <none>

TIMING-18#188 Warning
Missing input or output delay  
An input delay is missing on x_in[5][4] relative to clock(s) clk
Related violations: <none>

TIMING-18#189 Warning
Missing input or output delay  
An input delay is missing on x_in[5][5] relative to clock(s) clk
Related violations: <none>

TIMING-18#190 Warning
Missing input or output delay  
An input delay is missing on x_in[5][6] relative to clock(s) clk
Related violations: <none>

TIMING-18#191 Warning
Missing input or output delay  
An input delay is missing on x_in[5][7] relative to clock(s) clk
Related violations: <none>

TIMING-18#192 Warning
Missing input or output delay  
An input delay is missing on x_in[5][8] relative to clock(s) clk
Related violations: <none>

TIMING-18#193 Warning
Missing input or output delay  
An input delay is missing on x_in[5][9] relative to clock(s) clk
Related violations: <none>

TIMING-18#194 Warning
Missing input or output delay  
An input delay is missing on x_in[6][0] relative to clock(s) clk
Related violations: <none>

TIMING-18#195 Warning
Missing input or output delay  
An input delay is missing on x_in[6][10] relative to clock(s) clk
Related violations: <none>

TIMING-18#196 Warning
Missing input or output delay  
An input delay is missing on x_in[6][11] relative to clock(s) clk
Related violations: <none>

TIMING-18#197 Warning
Missing input or output delay  
An input delay is missing on x_in[6][12] relative to clock(s) clk
Related violations: <none>

TIMING-18#198 Warning
Missing input or output delay  
An input delay is missing on x_in[6][13] relative to clock(s) clk
Related violations: <none>

TIMING-18#199 Warning
Missing input or output delay  
An input delay is missing on x_in[6][14] relative to clock(s) clk
Related violations: <none>

TIMING-18#200 Warning
Missing input or output delay  
An input delay is missing on x_in[6][15] relative to clock(s) clk
Related violations: <none>

TIMING-18#201 Warning
Missing input or output delay  
An input delay is missing on x_in[6][16] relative to clock(s) clk
Related violations: <none>

TIMING-18#202 Warning
Missing input or output delay  
An input delay is missing on x_in[6][17] relative to clock(s) clk
Related violations: <none>

TIMING-18#203 Warning
Missing input or output delay  
An input delay is missing on x_in[6][18] relative to clock(s) clk
Related violations: <none>

TIMING-18#204 Warning
Missing input or output delay  
An input delay is missing on x_in[6][19] relative to clock(s) clk
Related violations: <none>

TIMING-18#205 Warning
Missing input or output delay  
An input delay is missing on x_in[6][1] relative to clock(s) clk
Related violations: <none>

TIMING-18#206 Warning
Missing input or output delay  
An input delay is missing on x_in[6][20] relative to clock(s) clk
Related violations: <none>

TIMING-18#207 Warning
Missing input or output delay  
An input delay is missing on x_in[6][21] relative to clock(s) clk
Related violations: <none>

TIMING-18#208 Warning
Missing input or output delay  
An input delay is missing on x_in[6][22] relative to clock(s) clk
Related violations: <none>

TIMING-18#209 Warning
Missing input or output delay  
An input delay is missing on x_in[6][23] relative to clock(s) clk
Related violations: <none>

TIMING-18#210 Warning
Missing input or output delay  
An input delay is missing on x_in[6][24] relative to clock(s) clk
Related violations: <none>

TIMING-18#211 Warning
Missing input or output delay  
An input delay is missing on x_in[6][25] relative to clock(s) clk
Related violations: <none>

TIMING-18#212 Warning
Missing input or output delay  
An input delay is missing on x_in[6][26] relative to clock(s) clk
Related violations: <none>

TIMING-18#213 Warning
Missing input or output delay  
An input delay is missing on x_in[6][27] relative to clock(s) clk
Related violations: <none>

TIMING-18#214 Warning
Missing input or output delay  
An input delay is missing on x_in[6][28] relative to clock(s) clk
Related violations: <none>

TIMING-18#215 Warning
Missing input or output delay  
An input delay is missing on x_in[6][29] relative to clock(s) clk
Related violations: <none>

TIMING-18#216 Warning
Missing input or output delay  
An input delay is missing on x_in[6][2] relative to clock(s) clk
Related violations: <none>

TIMING-18#217 Warning
Missing input or output delay  
An input delay is missing on x_in[6][30] relative to clock(s) clk
Related violations: <none>

TIMING-18#218 Warning
Missing input or output delay  
An input delay is missing on x_in[6][31] relative to clock(s) clk
Related violations: <none>

TIMING-18#219 Warning
Missing input or output delay  
An input delay is missing on x_in[6][3] relative to clock(s) clk
Related violations: <none>

TIMING-18#220 Warning
Missing input or output delay  
An input delay is missing on x_in[6][4] relative to clock(s) clk
Related violations: <none>

TIMING-18#221 Warning
Missing input or output delay  
An input delay is missing on x_in[6][5] relative to clock(s) clk
Related violations: <none>

TIMING-18#222 Warning
Missing input or output delay  
An input delay is missing on x_in[6][6] relative to clock(s) clk
Related violations: <none>

TIMING-18#223 Warning
Missing input or output delay  
An input delay is missing on x_in[6][7] relative to clock(s) clk
Related violations: <none>

TIMING-18#224 Warning
Missing input or output delay  
An input delay is missing on x_in[6][8] relative to clock(s) clk
Related violations: <none>

TIMING-18#225 Warning
Missing input or output delay  
An input delay is missing on x_in[6][9] relative to clock(s) clk
Related violations: <none>

TIMING-18#226 Warning
Missing input or output delay  
An input delay is missing on x_in[7][0] relative to clock(s) clk
Related violations: <none>

TIMING-18#227 Warning
Missing input or output delay  
An input delay is missing on x_in[7][10] relative to clock(s) clk
Related violations: <none>

TIMING-18#228 Warning
Missing input or output delay  
An input delay is missing on x_in[7][11] relative to clock(s) clk
Related violations: <none>

TIMING-18#229 Warning
Missing input or output delay  
An input delay is missing on x_in[7][12] relative to clock(s) clk
Related violations: <none>

TIMING-18#230 Warning
Missing input or output delay  
An input delay is missing on x_in[7][13] relative to clock(s) clk
Related violations: <none>

TIMING-18#231 Warning
Missing input or output delay  
An input delay is missing on x_in[7][14] relative to clock(s) clk
Related violations: <none>

TIMING-18#232 Warning
Missing input or output delay  
An input delay is missing on x_in[7][15] relative to clock(s) clk
Related violations: <none>

TIMING-18#233 Warning
Missing input or output delay  
An input delay is missing on x_in[7][16] relative to clock(s) clk
Related violations: <none>

TIMING-18#234 Warning
Missing input or output delay  
An input delay is missing on x_in[7][17] relative to clock(s) clk
Related violations: <none>

TIMING-18#235 Warning
Missing input or output delay  
An input delay is missing on x_in[7][18] relative to clock(s) clk
Related violations: <none>

TIMING-18#236 Warning
Missing input or output delay  
An input delay is missing on x_in[7][19] relative to clock(s) clk
Related violations: <none>

TIMING-18#237 Warning
Missing input or output delay  
An input delay is missing on x_in[7][1] relative to clock(s) clk
Related violations: <none>

TIMING-18#238 Warning
Missing input or output delay  
An input delay is missing on x_in[7][20] relative to clock(s) clk
Related violations: <none>

TIMING-18#239 Warning
Missing input or output delay  
An input delay is missing on x_in[7][21] relative to clock(s) clk
Related violations: <none>

TIMING-18#240 Warning
Missing input or output delay  
An input delay is missing on x_in[7][22] relative to clock(s) clk
Related violations: <none>

TIMING-18#241 Warning
Missing input or output delay  
An input delay is missing on x_in[7][23] relative to clock(s) clk
Related violations: <none>

TIMING-18#242 Warning
Missing input or output delay  
An input delay is missing on x_in[7][24] relative to clock(s) clk
Related violations: <none>

TIMING-18#243 Warning
Missing input or output delay  
An input delay is missing on x_in[7][25] relative to clock(s) clk
Related violations: <none>

TIMING-18#244 Warning
Missing input or output delay  
An input delay is missing on x_in[7][26] relative to clock(s) clk
Related violations: <none>

TIMING-18#245 Warning
Missing input or output delay  
An input delay is missing on x_in[7][27] relative to clock(s) clk
Related violations: <none>

TIMING-18#246 Warning
Missing input or output delay  
An input delay is missing on x_in[7][28] relative to clock(s) clk
Related violations: <none>

TIMING-18#247 Warning
Missing input or output delay  
An input delay is missing on x_in[7][29] relative to clock(s) clk
Related violations: <none>

TIMING-18#248 Warning
Missing input or output delay  
An input delay is missing on x_in[7][2] relative to clock(s) clk
Related violations: <none>

TIMING-18#249 Warning
Missing input or output delay  
An input delay is missing on x_in[7][30] relative to clock(s) clk
Related violations: <none>

TIMING-18#250 Warning
Missing input or output delay  
An input delay is missing on x_in[7][31] relative to clock(s) clk
Related violations: <none>

TIMING-18#251 Warning
Missing input or output delay  
An input delay is missing on x_in[7][3] relative to clock(s) clk
Related violations: <none>

TIMING-18#252 Warning
Missing input or output delay  
An input delay is missing on x_in[7][4] relative to clock(s) clk
Related violations: <none>

TIMING-18#253 Warning
Missing input or output delay  
An input delay is missing on x_in[7][5] relative to clock(s) clk
Related violations: <none>

TIMING-18#254 Warning
Missing input or output delay  
An input delay is missing on x_in[7][6] relative to clock(s) clk
Related violations: <none>

TIMING-18#255 Warning
Missing input or output delay  
An input delay is missing on x_in[7][7] relative to clock(s) clk
Related violations: <none>

TIMING-18#256 Warning
Missing input or output delay  
An input delay is missing on x_in[7][8] relative to clock(s) clk
Related violations: <none>

TIMING-18#257 Warning
Missing input or output delay  
An input delay is missing on x_in[7][9] relative to clock(s) clk
Related violations: <none>

TIMING-18#258 Warning
Missing input or output delay  
An output delay is missing on Z_out[0][0] relative to clock(s) clk
Related violations: <none>

TIMING-18#259 Warning
Missing input or output delay  
An output delay is missing on Z_out[0][10] relative to clock(s) clk
Related violations: <none>

TIMING-18#260 Warning
Missing input or output delay  
An output delay is missing on Z_out[0][11] relative to clock(s) clk
Related violations: <none>

TIMING-18#261 Warning
Missing input or output delay  
An output delay is missing on Z_out[0][12] relative to clock(s) clk
Related violations: <none>

TIMING-18#262 Warning
Missing input or output delay  
An output delay is missing on Z_out[0][13] relative to clock(s) clk
Related violations: <none>

TIMING-18#263 Warning
Missing input or output delay  
An output delay is missing on Z_out[0][14] relative to clock(s) clk
Related violations: <none>

TIMING-18#264 Warning
Missing input or output delay  
An output delay is missing on Z_out[0][15] relative to clock(s) clk
Related violations: <none>

TIMING-18#265 Warning
Missing input or output delay  
An output delay is missing on Z_out[0][16] relative to clock(s) clk
Related violations: <none>

TIMING-18#266 Warning
Missing input or output delay  
An output delay is missing on Z_out[0][17] relative to clock(s) clk
Related violations: <none>

TIMING-18#267 Warning
Missing input or output delay  
An output delay is missing on Z_out[0][18] relative to clock(s) clk
Related violations: <none>

TIMING-18#268 Warning
Missing input or output delay  
An output delay is missing on Z_out[0][19] relative to clock(s) clk
Related violations: <none>

TIMING-18#269 Warning
Missing input or output delay  
An output delay is missing on Z_out[0][1] relative to clock(s) clk
Related violations: <none>

TIMING-18#270 Warning
Missing input or output delay  
An output delay is missing on Z_out[0][20] relative to clock(s) clk
Related violations: <none>

TIMING-18#271 Warning
Missing input or output delay  
An output delay is missing on Z_out[0][21] relative to clock(s) clk
Related violations: <none>

TIMING-18#272 Warning
Missing input or output delay  
An output delay is missing on Z_out[0][22] relative to clock(s) clk
Related violations: <none>

TIMING-18#273 Warning
Missing input or output delay  
An output delay is missing on Z_out[0][23] relative to clock(s) clk
Related violations: <none>

TIMING-18#274 Warning
Missing input or output delay  
An output delay is missing on Z_out[0][24] relative to clock(s) clk
Related violations: <none>

TIMING-18#275 Warning
Missing input or output delay  
An output delay is missing on Z_out[0][25] relative to clock(s) clk
Related violations: <none>

TIMING-18#276 Warning
Missing input or output delay  
An output delay is missing on Z_out[0][26] relative to clock(s) clk
Related violations: <none>

TIMING-18#277 Warning
Missing input or output delay  
An output delay is missing on Z_out[0][27] relative to clock(s) clk
Related violations: <none>

TIMING-18#278 Warning
Missing input or output delay  
An output delay is missing on Z_out[0][28] relative to clock(s) clk
Related violations: <none>

TIMING-18#279 Warning
Missing input or output delay  
An output delay is missing on Z_out[0][29] relative to clock(s) clk
Related violations: <none>

TIMING-18#280 Warning
Missing input or output delay  
An output delay is missing on Z_out[0][2] relative to clock(s) clk
Related violations: <none>

TIMING-18#281 Warning
Missing input or output delay  
An output delay is missing on Z_out[0][30] relative to clock(s) clk
Related violations: <none>

TIMING-18#282 Warning
Missing input or output delay  
An output delay is missing on Z_out[0][31] relative to clock(s) clk
Related violations: <none>

TIMING-18#283 Warning
Missing input or output delay  
An output delay is missing on Z_out[0][3] relative to clock(s) clk
Related violations: <none>

TIMING-18#284 Warning
Missing input or output delay  
An output delay is missing on Z_out[0][4] relative to clock(s) clk
Related violations: <none>

TIMING-18#285 Warning
Missing input or output delay  
An output delay is missing on Z_out[0][5] relative to clock(s) clk
Related violations: <none>

TIMING-18#286 Warning
Missing input or output delay  
An output delay is missing on Z_out[0][6] relative to clock(s) clk
Related violations: <none>

TIMING-18#287 Warning
Missing input or output delay  
An output delay is missing on Z_out[0][7] relative to clock(s) clk
Related violations: <none>

TIMING-18#288 Warning
Missing input or output delay  
An output delay is missing on Z_out[0][8] relative to clock(s) clk
Related violations: <none>

TIMING-18#289 Warning
Missing input or output delay  
An output delay is missing on Z_out[0][9] relative to clock(s) clk
Related violations: <none>

TIMING-18#290 Warning
Missing input or output delay  
An output delay is missing on Z_out[1][0] relative to clock(s) clk
Related violations: <none>

TIMING-18#291 Warning
Missing input or output delay  
An output delay is missing on Z_out[1][10] relative to clock(s) clk
Related violations: <none>

TIMING-18#292 Warning
Missing input or output delay  
An output delay is missing on Z_out[1][11] relative to clock(s) clk
Related violations: <none>

TIMING-18#293 Warning
Missing input or output delay  
An output delay is missing on Z_out[1][12] relative to clock(s) clk
Related violations: <none>

TIMING-18#294 Warning
Missing input or output delay  
An output delay is missing on Z_out[1][13] relative to clock(s) clk
Related violations: <none>

TIMING-18#295 Warning
Missing input or output delay  
An output delay is missing on Z_out[1][14] relative to clock(s) clk
Related violations: <none>

TIMING-18#296 Warning
Missing input or output delay  
An output delay is missing on Z_out[1][15] relative to clock(s) clk
Related violations: <none>

TIMING-18#297 Warning
Missing input or output delay  
An output delay is missing on Z_out[1][16] relative to clock(s) clk
Related violations: <none>

TIMING-18#298 Warning
Missing input or output delay  
An output delay is missing on Z_out[1][17] relative to clock(s) clk
Related violations: <none>

TIMING-18#299 Warning
Missing input or output delay  
An output delay is missing on Z_out[1][18] relative to clock(s) clk
Related violations: <none>

TIMING-18#300 Warning
Missing input or output delay  
An output delay is missing on Z_out[1][19] relative to clock(s) clk
Related violations: <none>

TIMING-18#301 Warning
Missing input or output delay  
An output delay is missing on Z_out[1][1] relative to clock(s) clk
Related violations: <none>

TIMING-18#302 Warning
Missing input or output delay  
An output delay is missing on Z_out[1][20] relative to clock(s) clk
Related violations: <none>

TIMING-18#303 Warning
Missing input or output delay  
An output delay is missing on Z_out[1][21] relative to clock(s) clk
Related violations: <none>

TIMING-18#304 Warning
Missing input or output delay  
An output delay is missing on Z_out[1][22] relative to clock(s) clk
Related violations: <none>

TIMING-18#305 Warning
Missing input or output delay  
An output delay is missing on Z_out[1][23] relative to clock(s) clk
Related violations: <none>

TIMING-18#306 Warning
Missing input or output delay  
An output delay is missing on Z_out[1][24] relative to clock(s) clk
Related violations: <none>

TIMING-18#307 Warning
Missing input or output delay  
An output delay is missing on Z_out[1][25] relative to clock(s) clk
Related violations: <none>

TIMING-18#308 Warning
Missing input or output delay  
An output delay is missing on Z_out[1][26] relative to clock(s) clk
Related violations: <none>

TIMING-18#309 Warning
Missing input or output delay  
An output delay is missing on Z_out[1][27] relative to clock(s) clk
Related violations: <none>

TIMING-18#310 Warning
Missing input or output delay  
An output delay is missing on Z_out[1][28] relative to clock(s) clk
Related violations: <none>

TIMING-18#311 Warning
Missing input or output delay  
An output delay is missing on Z_out[1][29] relative to clock(s) clk
Related violations: <none>

TIMING-18#312 Warning
Missing input or output delay  
An output delay is missing on Z_out[1][2] relative to clock(s) clk
Related violations: <none>

TIMING-18#313 Warning
Missing input or output delay  
An output delay is missing on Z_out[1][30] relative to clock(s) clk
Related violations: <none>

TIMING-18#314 Warning
Missing input or output delay  
An output delay is missing on Z_out[1][31] relative to clock(s) clk
Related violations: <none>

TIMING-18#315 Warning
Missing input or output delay  
An output delay is missing on Z_out[1][3] relative to clock(s) clk
Related violations: <none>

TIMING-18#316 Warning
Missing input or output delay  
An output delay is missing on Z_out[1][4] relative to clock(s) clk
Related violations: <none>

TIMING-18#317 Warning
Missing input or output delay  
An output delay is missing on Z_out[1][5] relative to clock(s) clk
Related violations: <none>

TIMING-18#318 Warning
Missing input or output delay  
An output delay is missing on Z_out[1][6] relative to clock(s) clk
Related violations: <none>

TIMING-18#319 Warning
Missing input or output delay  
An output delay is missing on Z_out[1][7] relative to clock(s) clk
Related violations: <none>

TIMING-18#320 Warning
Missing input or output delay  
An output delay is missing on Z_out[1][8] relative to clock(s) clk
Related violations: <none>

TIMING-18#321 Warning
Missing input or output delay  
An output delay is missing on Z_out[1][9] relative to clock(s) clk
Related violations: <none>

TIMING-18#322 Warning
Missing input or output delay  
An output delay is missing on Z_out[2][0] relative to clock(s) clk
Related violations: <none>

TIMING-18#323 Warning
Missing input or output delay  
An output delay is missing on Z_out[2][10] relative to clock(s) clk
Related violations: <none>

TIMING-18#324 Warning
Missing input or output delay  
An output delay is missing on Z_out[2][11] relative to clock(s) clk
Related violations: <none>

TIMING-18#325 Warning
Missing input or output delay  
An output delay is missing on Z_out[2][12] relative to clock(s) clk
Related violations: <none>

TIMING-18#326 Warning
Missing input or output delay  
An output delay is missing on Z_out[2][13] relative to clock(s) clk
Related violations: <none>

TIMING-18#327 Warning
Missing input or output delay  
An output delay is missing on Z_out[2][14] relative to clock(s) clk
Related violations: <none>

TIMING-18#328 Warning
Missing input or output delay  
An output delay is missing on Z_out[2][15] relative to clock(s) clk
Related violations: <none>

TIMING-18#329 Warning
Missing input or output delay  
An output delay is missing on Z_out[2][16] relative to clock(s) clk
Related violations: <none>

TIMING-18#330 Warning
Missing input or output delay  
An output delay is missing on Z_out[2][17] relative to clock(s) clk
Related violations: <none>

TIMING-18#331 Warning
Missing input or output delay  
An output delay is missing on Z_out[2][18] relative to clock(s) clk
Related violations: <none>

TIMING-18#332 Warning
Missing input or output delay  
An output delay is missing on Z_out[2][19] relative to clock(s) clk
Related violations: <none>

TIMING-18#333 Warning
Missing input or output delay  
An output delay is missing on Z_out[2][1] relative to clock(s) clk
Related violations: <none>

TIMING-18#334 Warning
Missing input or output delay  
An output delay is missing on Z_out[2][20] relative to clock(s) clk
Related violations: <none>

TIMING-18#335 Warning
Missing input or output delay  
An output delay is missing on Z_out[2][21] relative to clock(s) clk
Related violations: <none>

TIMING-18#336 Warning
Missing input or output delay  
An output delay is missing on Z_out[2][22] relative to clock(s) clk
Related violations: <none>

TIMING-18#337 Warning
Missing input or output delay  
An output delay is missing on Z_out[2][23] relative to clock(s) clk
Related violations: <none>

TIMING-18#338 Warning
Missing input or output delay  
An output delay is missing on Z_out[2][24] relative to clock(s) clk
Related violations: <none>

TIMING-18#339 Warning
Missing input or output delay  
An output delay is missing on Z_out[2][25] relative to clock(s) clk
Related violations: <none>

TIMING-18#340 Warning
Missing input or output delay  
An output delay is missing on Z_out[2][26] relative to clock(s) clk
Related violations: <none>

TIMING-18#341 Warning
Missing input or output delay  
An output delay is missing on Z_out[2][27] relative to clock(s) clk
Related violations: <none>

TIMING-18#342 Warning
Missing input or output delay  
An output delay is missing on Z_out[2][28] relative to clock(s) clk
Related violations: <none>

TIMING-18#343 Warning
Missing input or output delay  
An output delay is missing on Z_out[2][29] relative to clock(s) clk
Related violations: <none>

TIMING-18#344 Warning
Missing input or output delay  
An output delay is missing on Z_out[2][2] relative to clock(s) clk
Related violations: <none>

TIMING-18#345 Warning
Missing input or output delay  
An output delay is missing on Z_out[2][30] relative to clock(s) clk
Related violations: <none>

TIMING-18#346 Warning
Missing input or output delay  
An output delay is missing on Z_out[2][31] relative to clock(s) clk
Related violations: <none>

TIMING-18#347 Warning
Missing input or output delay  
An output delay is missing on Z_out[2][3] relative to clock(s) clk
Related violations: <none>

TIMING-18#348 Warning
Missing input or output delay  
An output delay is missing on Z_out[2][4] relative to clock(s) clk
Related violations: <none>

TIMING-18#349 Warning
Missing input or output delay  
An output delay is missing on Z_out[2][5] relative to clock(s) clk
Related violations: <none>

TIMING-18#350 Warning
Missing input or output delay  
An output delay is missing on Z_out[2][6] relative to clock(s) clk
Related violations: <none>

TIMING-18#351 Warning
Missing input or output delay  
An output delay is missing on Z_out[2][7] relative to clock(s) clk
Related violations: <none>

TIMING-18#352 Warning
Missing input or output delay  
An output delay is missing on Z_out[2][8] relative to clock(s) clk
Related violations: <none>

TIMING-18#353 Warning
Missing input or output delay  
An output delay is missing on Z_out[2][9] relative to clock(s) clk
Related violations: <none>

TIMING-18#354 Warning
Missing input or output delay  
An output delay is missing on Z_out[3][0] relative to clock(s) clk
Related violations: <none>

TIMING-18#355 Warning
Missing input or output delay  
An output delay is missing on Z_out[3][10] relative to clock(s) clk
Related violations: <none>

TIMING-18#356 Warning
Missing input or output delay  
An output delay is missing on Z_out[3][11] relative to clock(s) clk
Related violations: <none>

TIMING-18#357 Warning
Missing input or output delay  
An output delay is missing on Z_out[3][12] relative to clock(s) clk
Related violations: <none>

TIMING-18#358 Warning
Missing input or output delay  
An output delay is missing on Z_out[3][13] relative to clock(s) clk
Related violations: <none>

TIMING-18#359 Warning
Missing input or output delay  
An output delay is missing on Z_out[3][14] relative to clock(s) clk
Related violations: <none>

TIMING-18#360 Warning
Missing input or output delay  
An output delay is missing on Z_out[3][15] relative to clock(s) clk
Related violations: <none>

TIMING-18#361 Warning
Missing input or output delay  
An output delay is missing on Z_out[3][16] relative to clock(s) clk
Related violations: <none>

TIMING-18#362 Warning
Missing input or output delay  
An output delay is missing on Z_out[3][17] relative to clock(s) clk
Related violations: <none>

TIMING-18#363 Warning
Missing input or output delay  
An output delay is missing on Z_out[3][18] relative to clock(s) clk
Related violations: <none>

TIMING-18#364 Warning
Missing input or output delay  
An output delay is missing on Z_out[3][19] relative to clock(s) clk
Related violations: <none>

TIMING-18#365 Warning
Missing input or output delay  
An output delay is missing on Z_out[3][1] relative to clock(s) clk
Related violations: <none>

TIMING-18#366 Warning
Missing input or output delay  
An output delay is missing on Z_out[3][20] relative to clock(s) clk
Related violations: <none>

TIMING-18#367 Warning
Missing input or output delay  
An output delay is missing on Z_out[3][21] relative to clock(s) clk
Related violations: <none>

TIMING-18#368 Warning
Missing input or output delay  
An output delay is missing on Z_out[3][22] relative to clock(s) clk
Related violations: <none>

TIMING-18#369 Warning
Missing input or output delay  
An output delay is missing on Z_out[3][23] relative to clock(s) clk
Related violations: <none>

TIMING-18#370 Warning
Missing input or output delay  
An output delay is missing on Z_out[3][24] relative to clock(s) clk
Related violations: <none>

TIMING-18#371 Warning
Missing input or output delay  
An output delay is missing on Z_out[3][25] relative to clock(s) clk
Related violations: <none>

TIMING-18#372 Warning
Missing input or output delay  
An output delay is missing on Z_out[3][26] relative to clock(s) clk
Related violations: <none>

TIMING-18#373 Warning
Missing input or output delay  
An output delay is missing on Z_out[3][27] relative to clock(s) clk
Related violations: <none>

TIMING-18#374 Warning
Missing input or output delay  
An output delay is missing on Z_out[3][28] relative to clock(s) clk
Related violations: <none>

TIMING-18#375 Warning
Missing input or output delay  
An output delay is missing on Z_out[3][29] relative to clock(s) clk
Related violations: <none>

TIMING-18#376 Warning
Missing input or output delay  
An output delay is missing on Z_out[3][2] relative to clock(s) clk
Related violations: <none>

TIMING-18#377 Warning
Missing input or output delay  
An output delay is missing on Z_out[3][30] relative to clock(s) clk
Related violations: <none>

TIMING-18#378 Warning
Missing input or output delay  
An output delay is missing on Z_out[3][31] relative to clock(s) clk
Related violations: <none>

TIMING-18#379 Warning
Missing input or output delay  
An output delay is missing on Z_out[3][3] relative to clock(s) clk
Related violations: <none>

TIMING-18#380 Warning
Missing input or output delay  
An output delay is missing on Z_out[3][4] relative to clock(s) clk
Related violations: <none>

TIMING-18#381 Warning
Missing input or output delay  
An output delay is missing on Z_out[3][5] relative to clock(s) clk
Related violations: <none>

TIMING-18#382 Warning
Missing input or output delay  
An output delay is missing on Z_out[3][6] relative to clock(s) clk
Related violations: <none>

TIMING-18#383 Warning
Missing input or output delay  
An output delay is missing on Z_out[3][7] relative to clock(s) clk
Related violations: <none>

TIMING-18#384 Warning
Missing input or output delay  
An output delay is missing on Z_out[3][8] relative to clock(s) clk
Related violations: <none>

TIMING-18#385 Warning
Missing input or output delay  
An output delay is missing on Z_out[3][9] relative to clock(s) clk
Related violations: <none>

TIMING-18#386 Warning
Missing input or output delay  
An output delay is missing on Z_out[4][0] relative to clock(s) clk
Related violations: <none>

TIMING-18#387 Warning
Missing input or output delay  
An output delay is missing on Z_out[4][10] relative to clock(s) clk
Related violations: <none>

TIMING-18#388 Warning
Missing input or output delay  
An output delay is missing on Z_out[4][11] relative to clock(s) clk
Related violations: <none>

TIMING-18#389 Warning
Missing input or output delay  
An output delay is missing on Z_out[4][12] relative to clock(s) clk
Related violations: <none>

TIMING-18#390 Warning
Missing input or output delay  
An output delay is missing on Z_out[4][13] relative to clock(s) clk
Related violations: <none>

TIMING-18#391 Warning
Missing input or output delay  
An output delay is missing on Z_out[4][14] relative to clock(s) clk
Related violations: <none>

TIMING-18#392 Warning
Missing input or output delay  
An output delay is missing on Z_out[4][15] relative to clock(s) clk
Related violations: <none>

TIMING-18#393 Warning
Missing input or output delay  
An output delay is missing on Z_out[4][16] relative to clock(s) clk
Related violations: <none>

TIMING-18#394 Warning
Missing input or output delay  
An output delay is missing on Z_out[4][17] relative to clock(s) clk
Related violations: <none>

TIMING-18#395 Warning
Missing input or output delay  
An output delay is missing on Z_out[4][18] relative to clock(s) clk
Related violations: <none>

TIMING-18#396 Warning
Missing input or output delay  
An output delay is missing on Z_out[4][19] relative to clock(s) clk
Related violations: <none>

TIMING-18#397 Warning
Missing input or output delay  
An output delay is missing on Z_out[4][1] relative to clock(s) clk
Related violations: <none>

TIMING-18#398 Warning
Missing input or output delay  
An output delay is missing on Z_out[4][20] relative to clock(s) clk
Related violations: <none>

TIMING-18#399 Warning
Missing input or output delay  
An output delay is missing on Z_out[4][21] relative to clock(s) clk
Related violations: <none>

TIMING-18#400 Warning
Missing input or output delay  
An output delay is missing on Z_out[4][22] relative to clock(s) clk
Related violations: <none>

TIMING-18#401 Warning
Missing input or output delay  
An output delay is missing on Z_out[4][23] relative to clock(s) clk
Related violations: <none>

TIMING-18#402 Warning
Missing input or output delay  
An output delay is missing on Z_out[4][24] relative to clock(s) clk
Related violations: <none>

TIMING-18#403 Warning
Missing input or output delay  
An output delay is missing on Z_out[4][25] relative to clock(s) clk
Related violations: <none>

TIMING-18#404 Warning
Missing input or output delay  
An output delay is missing on Z_out[4][26] relative to clock(s) clk
Related violations: <none>

TIMING-18#405 Warning
Missing input or output delay  
An output delay is missing on Z_out[4][27] relative to clock(s) clk
Related violations: <none>

TIMING-18#406 Warning
Missing input or output delay  
An output delay is missing on Z_out[4][28] relative to clock(s) clk
Related violations: <none>

TIMING-18#407 Warning
Missing input or output delay  
An output delay is missing on Z_out[4][29] relative to clock(s) clk
Related violations: <none>

TIMING-18#408 Warning
Missing input or output delay  
An output delay is missing on Z_out[4][2] relative to clock(s) clk
Related violations: <none>

TIMING-18#409 Warning
Missing input or output delay  
An output delay is missing on Z_out[4][30] relative to clock(s) clk
Related violations: <none>

TIMING-18#410 Warning
Missing input or output delay  
An output delay is missing on Z_out[4][31] relative to clock(s) clk
Related violations: <none>

TIMING-18#411 Warning
Missing input or output delay  
An output delay is missing on Z_out[4][3] relative to clock(s) clk
Related violations: <none>

TIMING-18#412 Warning
Missing input or output delay  
An output delay is missing on Z_out[4][4] relative to clock(s) clk
Related violations: <none>

TIMING-18#413 Warning
Missing input or output delay  
An output delay is missing on Z_out[4][5] relative to clock(s) clk
Related violations: <none>

TIMING-18#414 Warning
Missing input or output delay  
An output delay is missing on Z_out[4][6] relative to clock(s) clk
Related violations: <none>

TIMING-18#415 Warning
Missing input or output delay  
An output delay is missing on Z_out[4][7] relative to clock(s) clk
Related violations: <none>

TIMING-18#416 Warning
Missing input or output delay  
An output delay is missing on Z_out[4][8] relative to clock(s) clk
Related violations: <none>

TIMING-18#417 Warning
Missing input or output delay  
An output delay is missing on Z_out[4][9] relative to clock(s) clk
Related violations: <none>

TIMING-18#418 Warning
Missing input or output delay  
An output delay is missing on Z_out[5][0] relative to clock(s) clk
Related violations: <none>

TIMING-18#419 Warning
Missing input or output delay  
An output delay is missing on Z_out[5][10] relative to clock(s) clk
Related violations: <none>

TIMING-18#420 Warning
Missing input or output delay  
An output delay is missing on Z_out[5][11] relative to clock(s) clk
Related violations: <none>

TIMING-18#421 Warning
Missing input or output delay  
An output delay is missing on Z_out[5][12] relative to clock(s) clk
Related violations: <none>

TIMING-18#422 Warning
Missing input or output delay  
An output delay is missing on Z_out[5][13] relative to clock(s) clk
Related violations: <none>

TIMING-18#423 Warning
Missing input or output delay  
An output delay is missing on Z_out[5][14] relative to clock(s) clk
Related violations: <none>

TIMING-18#424 Warning
Missing input or output delay  
An output delay is missing on Z_out[5][15] relative to clock(s) clk
Related violations: <none>

TIMING-18#425 Warning
Missing input or output delay  
An output delay is missing on Z_out[5][16] relative to clock(s) clk
Related violations: <none>

TIMING-18#426 Warning
Missing input or output delay  
An output delay is missing on Z_out[5][17] relative to clock(s) clk
Related violations: <none>

TIMING-18#427 Warning
Missing input or output delay  
An output delay is missing on Z_out[5][18] relative to clock(s) clk
Related violations: <none>

TIMING-18#428 Warning
Missing input or output delay  
An output delay is missing on Z_out[5][19] relative to clock(s) clk
Related violations: <none>

TIMING-18#429 Warning
Missing input or output delay  
An output delay is missing on Z_out[5][1] relative to clock(s) clk
Related violations: <none>

TIMING-18#430 Warning
Missing input or output delay  
An output delay is missing on Z_out[5][20] relative to clock(s) clk
Related violations: <none>

TIMING-18#431 Warning
Missing input or output delay  
An output delay is missing on Z_out[5][21] relative to clock(s) clk
Related violations: <none>

TIMING-18#432 Warning
Missing input or output delay  
An output delay is missing on Z_out[5][22] relative to clock(s) clk
Related violations: <none>

TIMING-18#433 Warning
Missing input or output delay  
An output delay is missing on Z_out[5][23] relative to clock(s) clk
Related violations: <none>

TIMING-18#434 Warning
Missing input or output delay  
An output delay is missing on Z_out[5][24] relative to clock(s) clk
Related violations: <none>

TIMING-18#435 Warning
Missing input or output delay  
An output delay is missing on Z_out[5][25] relative to clock(s) clk
Related violations: <none>

TIMING-18#436 Warning
Missing input or output delay  
An output delay is missing on Z_out[5][26] relative to clock(s) clk
Related violations: <none>

TIMING-18#437 Warning
Missing input or output delay  
An output delay is missing on Z_out[5][27] relative to clock(s) clk
Related violations: <none>

TIMING-18#438 Warning
Missing input or output delay  
An output delay is missing on Z_out[5][28] relative to clock(s) clk
Related violations: <none>

TIMING-18#439 Warning
Missing input or output delay  
An output delay is missing on Z_out[5][29] relative to clock(s) clk
Related violations: <none>

TIMING-18#440 Warning
Missing input or output delay  
An output delay is missing on Z_out[5][2] relative to clock(s) clk
Related violations: <none>

TIMING-18#441 Warning
Missing input or output delay  
An output delay is missing on Z_out[5][30] relative to clock(s) clk
Related violations: <none>

TIMING-18#442 Warning
Missing input or output delay  
An output delay is missing on Z_out[5][31] relative to clock(s) clk
Related violations: <none>

TIMING-18#443 Warning
Missing input or output delay  
An output delay is missing on Z_out[5][3] relative to clock(s) clk
Related violations: <none>

TIMING-18#444 Warning
Missing input or output delay  
An output delay is missing on Z_out[5][4] relative to clock(s) clk
Related violations: <none>

TIMING-18#445 Warning
Missing input or output delay  
An output delay is missing on Z_out[5][5] relative to clock(s) clk
Related violations: <none>

TIMING-18#446 Warning
Missing input or output delay  
An output delay is missing on Z_out[5][6] relative to clock(s) clk
Related violations: <none>

TIMING-18#447 Warning
Missing input or output delay  
An output delay is missing on Z_out[5][7] relative to clock(s) clk
Related violations: <none>

TIMING-18#448 Warning
Missing input or output delay  
An output delay is missing on Z_out[5][8] relative to clock(s) clk
Related violations: <none>

TIMING-18#449 Warning
Missing input or output delay  
An output delay is missing on Z_out[5][9] relative to clock(s) clk
Related violations: <none>

TIMING-18#450 Warning
Missing input or output delay  
An output delay is missing on Z_out[6][0] relative to clock(s) clk
Related violations: <none>

TIMING-18#451 Warning
Missing input or output delay  
An output delay is missing on Z_out[6][10] relative to clock(s) clk
Related violations: <none>

TIMING-18#452 Warning
Missing input or output delay  
An output delay is missing on Z_out[6][11] relative to clock(s) clk
Related violations: <none>

TIMING-18#453 Warning
Missing input or output delay  
An output delay is missing on Z_out[6][12] relative to clock(s) clk
Related violations: <none>

TIMING-18#454 Warning
Missing input or output delay  
An output delay is missing on Z_out[6][13] relative to clock(s) clk
Related violations: <none>

TIMING-18#455 Warning
Missing input or output delay  
An output delay is missing on Z_out[6][14] relative to clock(s) clk
Related violations: <none>

TIMING-18#456 Warning
Missing input or output delay  
An output delay is missing on Z_out[6][15] relative to clock(s) clk
Related violations: <none>

TIMING-18#457 Warning
Missing input or output delay  
An output delay is missing on Z_out[6][16] relative to clock(s) clk
Related violations: <none>

TIMING-18#458 Warning
Missing input or output delay  
An output delay is missing on Z_out[6][17] relative to clock(s) clk
Related violations: <none>

TIMING-18#459 Warning
Missing input or output delay  
An output delay is missing on Z_out[6][18] relative to clock(s) clk
Related violations: <none>

TIMING-18#460 Warning
Missing input or output delay  
An output delay is missing on Z_out[6][19] relative to clock(s) clk
Related violations: <none>

TIMING-18#461 Warning
Missing input or output delay  
An output delay is missing on Z_out[6][1] relative to clock(s) clk
Related violations: <none>

TIMING-18#462 Warning
Missing input or output delay  
An output delay is missing on Z_out[6][20] relative to clock(s) clk
Related violations: <none>

TIMING-18#463 Warning
Missing input or output delay  
An output delay is missing on Z_out[6][21] relative to clock(s) clk
Related violations: <none>

TIMING-18#464 Warning
Missing input or output delay  
An output delay is missing on Z_out[6][22] relative to clock(s) clk
Related violations: <none>

TIMING-18#465 Warning
Missing input or output delay  
An output delay is missing on Z_out[6][23] relative to clock(s) clk
Related violations: <none>

TIMING-18#466 Warning
Missing input or output delay  
An output delay is missing on Z_out[6][24] relative to clock(s) clk
Related violations: <none>

TIMING-18#467 Warning
Missing input or output delay  
An output delay is missing on Z_out[6][25] relative to clock(s) clk
Related violations: <none>

TIMING-18#468 Warning
Missing input or output delay  
An output delay is missing on Z_out[6][26] relative to clock(s) clk
Related violations: <none>

TIMING-18#469 Warning
Missing input or output delay  
An output delay is missing on Z_out[6][27] relative to clock(s) clk
Related violations: <none>

TIMING-18#470 Warning
Missing input or output delay  
An output delay is missing on Z_out[6][28] relative to clock(s) clk
Related violations: <none>

TIMING-18#471 Warning
Missing input or output delay  
An output delay is missing on Z_out[6][29] relative to clock(s) clk
Related violations: <none>

TIMING-18#472 Warning
Missing input or output delay  
An output delay is missing on Z_out[6][2] relative to clock(s) clk
Related violations: <none>

TIMING-18#473 Warning
Missing input or output delay  
An output delay is missing on Z_out[6][30] relative to clock(s) clk
Related violations: <none>

TIMING-18#474 Warning
Missing input or output delay  
An output delay is missing on Z_out[6][31] relative to clock(s) clk
Related violations: <none>

TIMING-18#475 Warning
Missing input or output delay  
An output delay is missing on Z_out[6][3] relative to clock(s) clk
Related violations: <none>

TIMING-18#476 Warning
Missing input or output delay  
An output delay is missing on Z_out[6][4] relative to clock(s) clk
Related violations: <none>

TIMING-18#477 Warning
Missing input or output delay  
An output delay is missing on Z_out[6][5] relative to clock(s) clk
Related violations: <none>

TIMING-18#478 Warning
Missing input or output delay  
An output delay is missing on Z_out[6][6] relative to clock(s) clk
Related violations: <none>

TIMING-18#479 Warning
Missing input or output delay  
An output delay is missing on Z_out[6][7] relative to clock(s) clk
Related violations: <none>

TIMING-18#480 Warning
Missing input or output delay  
An output delay is missing on Z_out[6][8] relative to clock(s) clk
Related violations: <none>

TIMING-18#481 Warning
Missing input or output delay  
An output delay is missing on Z_out[6][9] relative to clock(s) clk
Related violations: <none>

TIMING-18#482 Warning
Missing input or output delay  
An output delay is missing on Z_out[7][0] relative to clock(s) clk
Related violations: <none>

TIMING-18#483 Warning
Missing input or output delay  
An output delay is missing on Z_out[7][10] relative to clock(s) clk
Related violations: <none>

TIMING-18#484 Warning
Missing input or output delay  
An output delay is missing on Z_out[7][11] relative to clock(s) clk
Related violations: <none>

TIMING-18#485 Warning
Missing input or output delay  
An output delay is missing on Z_out[7][12] relative to clock(s) clk
Related violations: <none>

TIMING-18#486 Warning
Missing input or output delay  
An output delay is missing on Z_out[7][13] relative to clock(s) clk
Related violations: <none>

TIMING-18#487 Warning
Missing input or output delay  
An output delay is missing on Z_out[7][14] relative to clock(s) clk
Related violations: <none>

TIMING-18#488 Warning
Missing input or output delay  
An output delay is missing on Z_out[7][15] relative to clock(s) clk
Related violations: <none>

TIMING-18#489 Warning
Missing input or output delay  
An output delay is missing on Z_out[7][16] relative to clock(s) clk
Related violations: <none>

TIMING-18#490 Warning
Missing input or output delay  
An output delay is missing on Z_out[7][17] relative to clock(s) clk
Related violations: <none>

TIMING-18#491 Warning
Missing input or output delay  
An output delay is missing on Z_out[7][18] relative to clock(s) clk
Related violations: <none>

TIMING-18#492 Warning
Missing input or output delay  
An output delay is missing on Z_out[7][19] relative to clock(s) clk
Related violations: <none>

TIMING-18#493 Warning
Missing input or output delay  
An output delay is missing on Z_out[7][1] relative to clock(s) clk
Related violations: <none>

TIMING-18#494 Warning
Missing input or output delay  
An output delay is missing on Z_out[7][20] relative to clock(s) clk
Related violations: <none>

TIMING-18#495 Warning
Missing input or output delay  
An output delay is missing on Z_out[7][21] relative to clock(s) clk
Related violations: <none>

TIMING-18#496 Warning
Missing input or output delay  
An output delay is missing on Z_out[7][22] relative to clock(s) clk
Related violations: <none>

TIMING-18#497 Warning
Missing input or output delay  
An output delay is missing on Z_out[7][23] relative to clock(s) clk
Related violations: <none>

TIMING-18#498 Warning
Missing input or output delay  
An output delay is missing on Z_out[7][24] relative to clock(s) clk
Related violations: <none>

TIMING-18#499 Warning
Missing input or output delay  
An output delay is missing on Z_out[7][25] relative to clock(s) clk
Related violations: <none>

TIMING-18#500 Warning
Missing input or output delay  
An output delay is missing on Z_out[7][26] relative to clock(s) clk
Related violations: <none>

TIMING-18#501 Warning
Missing input or output delay  
An output delay is missing on Z_out[7][27] relative to clock(s) clk
Related violations: <none>

TIMING-18#502 Warning
Missing input or output delay  
An output delay is missing on Z_out[7][28] relative to clock(s) clk
Related violations: <none>

TIMING-18#503 Warning
Missing input or output delay  
An output delay is missing on Z_out[7][29] relative to clock(s) clk
Related violations: <none>

TIMING-18#504 Warning
Missing input or output delay  
An output delay is missing on Z_out[7][2] relative to clock(s) clk
Related violations: <none>

TIMING-18#505 Warning
Missing input or output delay  
An output delay is missing on Z_out[7][30] relative to clock(s) clk
Related violations: <none>

TIMING-18#506 Warning
Missing input or output delay  
An output delay is missing on Z_out[7][31] relative to clock(s) clk
Related violations: <none>

TIMING-18#507 Warning
Missing input or output delay  
An output delay is missing on Z_out[7][3] relative to clock(s) clk
Related violations: <none>

TIMING-18#508 Warning
Missing input or output delay  
An output delay is missing on Z_out[7][4] relative to clock(s) clk
Related violations: <none>

TIMING-18#509 Warning
Missing input or output delay  
An output delay is missing on Z_out[7][5] relative to clock(s) clk
Related violations: <none>

TIMING-18#510 Warning
Missing input or output delay  
An output delay is missing on Z_out[7][6] relative to clock(s) clk
Related violations: <none>

TIMING-18#511 Warning
Missing input or output delay  
An output delay is missing on Z_out[7][7] relative to clock(s) clk
Related violations: <none>

TIMING-18#512 Warning
Missing input or output delay  
An output delay is missing on Z_out[7][8] relative to clock(s) clk
Related violations: <none>

TIMING-18#513 Warning
Missing input or output delay  
An output delay is missing on Z_out[7][9] relative to clock(s) clk
Related violations: <none>

TIMING-18#514 Warning
Missing input or output delay  
An output delay is missing on done[0] relative to clock(s) clk
Related violations: <none>

TIMING-18#515 Warning
Missing input or output delay  
An output delay is missing on done[1] relative to clock(s) clk
Related violations: <none>

TIMING-18#516 Warning
Missing input or output delay  
An output delay is missing on done[2] relative to clock(s) clk
Related violations: <none>

TIMING-18#517 Warning
Missing input or output delay  
An output delay is missing on done[3] relative to clock(s) clk
Related violations: <none>

TIMING-18#518 Warning
Missing input or output delay  
An output delay is missing on done[4] relative to clock(s) clk
Related violations: <none>

TIMING-18#519 Warning
Missing input or output delay  
An output delay is missing on done[5] relative to clock(s) clk
Related violations: <none>

TIMING-18#520 Warning
Missing input or output delay  
An output delay is missing on done[6] relative to clock(s) clk
Related violations: <none>

TIMING-18#521 Warning
Missing input or output delay  
An output delay is missing on done[7] relative to clock(s) clk
Related violations: <none>


